-------------------
Welcome to Qwirkle!
-------------------
Menu
---
1. New Game
2. Load Game
3. Credits
4. Quit
> 3
-----------------------------------
Name: Nguyen Duc Phu
Student ID: s3516565
Email: s3516565@rmit.edu.vn

Name: Amandeep Kaur Hothi
Student ID: s3838913
Email: s3838913@student.rmit.edu.au

Name: Karan Pradhan
Student ID: s3814520
Email: s3814520@student.rmit.edu.au

Name: Rhys Puclin
Student ID: s3840068
Email: s3840068@student.rmit.edu.au
-----------------------------------
> 
-------
GoodBye
-------
